<?xml version="1.0" encoding="UTF-8"?>
<testsuite xmlns:xsi="http://www.w3.org/2001/XMLSchema-instance" xsi:noNamespaceSchemaLocation="https://maven.apache.org/surefire/maven-surefire-plugin/xsd/surefire-test-report-3.0.xsd" version="3.0" name="com.neotech.runners.TestRunner" time="30.648" tests="2" errors="0" skipped="0" failures="0">
  <properties>
[...]
</properties>
  <testcase name="Title of your scenario" classname="Title of your feature #1" time="21.511">
    <system-out><![CDATA[
@smoke
Scenario: Title of your scenario # src/test/resources/features/dashSteps.feature:5
  Given I logged in              # com.neotech.steps.DashSteps.i_logged_in()
  Then I validate the outcomes   # com.neotech.steps.DashSteps.i_validate_the_outcomes()

    Embedding Title of your scenario [image/png 338270 bytes]

]]></system-out>
  </testcase>
  <testcase name="LoginPage" classname="Title of your feature #2" time="6.028">
    <system-out><![CDATA[
@smoke
Scenario: LoginPage             # src/test/resources/features/login.feature:5
  When I enter user name        # com.neotech.steps.LoginSteps.i_enter_user_name()
  And I enter password          # com.neotech.steps.LoginSteps.i_enter_password()
  And i click the submit button # com.neotech.steps.LoginSteps.i_click_the_submit_button()
✅ URL Validated: https://hrm.neotechacademy.com/auth/validateCredentials
  Then I validate the url       # com.neotech.steps.LoginSteps.i_validate_the_url()
✅ Title Validated: Dashboard
  And I validate the title      # com.neotech.steps.LoginSteps.i_validate_the_title()

    Embedding LoginPage [image/png 80924 bytes]

]]></system-out>
  </testcase>
</testsuite>